// 重构日志: c7c8e0d9
// 重构日志: 85f95d56
// 重构日志: 8670f6a3
// 重构日志: 624b4cbc
// 重构日志: 6ff67f46
// 重构日志: 018df004
// 重构日志: ee5eeb00
// 重构日志: e80793b4
// 同步 ID: 36c5d668 @ Sun Jul 12 15:05:17 UTC 2026
// 重构日志: d1dc8013
// 重构日志: 3668558d
// 同步 ID: 635654e7 @ Mon Jul 13 06:10:05 UTC 2026
// 同步 ID: bf217514 @ Mon Jul 13 21:13:17 UTC 2026
// 同步 ID: 3c4b5c68 @ Tue Jul 14 01:39:38 UTC 2026
// 同步 ID: d09f9401 @ Tue Jul 14 07:47:49 UTC 2026
// 重构日志: 73b2349a
// 同步 ID: 1507f942 @ Tue Jul 14 17:22:32 UTC 2026
// 同步 ID: d217cf63 @ Wed Jul 15 10:23:50 UTC 2026
// 同步 ID: cb0883e0 @ Wed Jul 15 13:04:29 UTC 2026
// 重构日志: fbe3356d
// 同步 ID: 2d20f8c1 @ Fri Jul 17 05:23:38 UTC 2026
// 同步 ID: 12105a06 @ Fri Jul 17 09:31:25 UTC 2026
// 同步 ID: 9600b992 @ Fri Jul 17 15:28:32 UTC 2026
// 同步 ID: 230ba70d @ Fri Jul 17 18:55:48 UTC 2026
// 重构日志: 74a70445
// 重构日志: 12d0ddd3
// 重构日志: 8789d149
// 重构日志: d8b55fc7
// 同步 ID: fd7206b0 @ Sun Jul 19 14:56:54 UTC 2026
// 同步 ID: aa745a76 @ Sun Jul 19 19:29:07 UTC 2026
